This is pdfTeX, Version 3.141592653-2.6-1.40.24 (MiKTeX 22.7) (preloaded format=pdflatex 2022.9.22)  23 DEC 2022 18:33
entering extended mode
 restricted \write18 enabled.
 %&-line parsing enabled.
**./main.tex
(main.tex
LaTeX2e <2022-06-01> patch level 5
L3 programming layer <2022-07-04>

LaTeX Warning: \include should only be used after \begin{document} on input lin
e 3.

(preamble.tex
(C:\Users\Aren Deza\AppData\Local\Programs\MiKTeX\tex/latex/base\report.cls
Document Class: report 2021/10/04 v1.4n Standard LaTeX document class
(C:\Users\Aren Deza\AppData\Local\Programs\MiKTeX\tex/latex/base\size12.clo
File: size12.clo 2021/10/04 v1.4n Standard LaTeX file (size option)
)
\c@part=\count185
\c@chapter=\count186
\c@section=\count187
\c@subsection=\count188
\c@subsubsection=\count189
\c@paragraph=\count190
\c@subparagraph=\count191
\c@figure=\count192
\c@table=\count193
\abovecaptionskip=\skip47
\belowcaptionskip=\skip48
\bibindent=\dimen138
)
(C:\Users\Aren Deza\AppData\Local\Programs\MiKTeX\tex/latex/pdfpages\pdfpages.s
ty
Package: pdfpages 2022/10/09 v0.5w Insert pages of external PDF documents (AM)
 (C:\Users\Aren Deza\AppData\Local\Programs\MiKTeX\tex/latex/base\ifthen.sty
Package: ifthen 2022/04/13 v1.1d Standard LaTeX ifthen package (DPC)
) (C:\Users\Aren Deza\AppData\Local\Programs\MiKTeX\tex/latex/tools\calc.sty
Package: calc 2017/05/25 v4.3 Infix arithmetic (KKT,FJ)
\calc@Acount=\count194
\calc@Bcount=\count195
\calc@Adimen=\dimen139
\calc@Bdimen=\dimen140
\calc@Askip=\skip49
\calc@Bskip=\skip50
LaTeX Info: Redefining \setlength on input line 80.
LaTeX Info: Redefining \addtolength on input line 81.
\calc@Ccount=\count196
\calc@Cskip=\skip51
)
(C:\Users\Aren Deza\AppData\Local\Programs\MiKTeX\tex/latex/eso-pic\eso-pic.sty
Package: eso-pic 2020/10/14 v3.0a eso-pic (RN)
\ESO@tempdima=\dimen141
\ESO@tempdimb=\dimen142

(C:\Users\Aren Deza\AppData\Local\Programs\MiKTeX\tex/latex/graphics\keyval.sty
Package: keyval 2022/05/29 v1.15 key=value parser (DPC)
\KV@toks@=\toks16
) (C:\Users\Aren Deza\AppData\Local\Programs\MiKTeX\tex/latex/xcolor\xcolor.sty
Package: xcolor 2022/06/12 v2.14 LaTeX color extensions (UK)

(C:\Users\Aren Deza\AppData\Local\Programs\MiKTeX\tex/latex/graphics-cfg\color.
cfg
File: color.cfg 2016/01/02 v1.6 sample color configuration
)
Package xcolor Info: Driver file: pdftex.def on input line 227.

(C:\Users\Aren Deza\AppData\Local\Programs\MiKTeX\tex/latex/graphics-def\pdftex
.def
File: pdftex.def 2020/10/05 v1.2a Graphics/color driver for pdftex
)
(C:\Users\Aren Deza\AppData\Local\Programs\MiKTeX\tex/latex-dev/graphics\mathco
lor.ltx)
Package xcolor Info: Model `cmy' substituted by `cmy0' on input line 1353.
Package xcolor Info: Model `hsb' substituted by `rgb' on input line 1357.
Package xcolor Info: Model `RGB' extended on input line 1369.
Package xcolor Info: Model `HTML' substituted by `rgb' on input line 1371.
Package xcolor Info: Model `Hsb' substituted by `hsb' on input line 1372.
Package xcolor Info: Model `tHsb' substituted by `hsb' on input line 1373.
Package xcolor Info: Model `HSB' substituted by `hsb' on input line 1374.
Package xcolor Info: Model `Gray' substituted by `gray' on input line 1375.
Package xcolor Info: Model `wave' substituted by `hsb' on input line 1376.
))
(C:\Users\Aren Deza\AppData\Local\Programs\MiKTeX\tex/latex/graphics\graphicx.s
ty
Package: graphicx 2021/09/16 v1.2d Enhanced LaTeX Graphics (DPC,SPQR)

(C:\Users\Aren Deza\AppData\Local\Programs\MiKTeX\tex/latex/graphics\graphics.s
ty
Package: graphics 2022/03/10 v1.4e Standard LaTeX Graphics (DPC,SPQR)

(C:\Users\Aren Deza\AppData\Local\Programs\MiKTeX\tex/latex/graphics\trig.sty
Package: trig 2021/08/11 v1.11 sin cos tan (DPC)
)
(C:\Users\Aren Deza\AppData\Local\Programs\MiKTeX\tex/latex/graphics-cfg\graphi
cs.cfg
File: graphics.cfg 2016/06/04 v1.11 sample graphics configuration
)
Package graphics Info: Driver file: pdftex.def on input line 107.
)
\Gin@req@height=\dimen143
\Gin@req@width=\dimen144
)
\AM@pagewidth=\dimen145
\AM@pageheight=\dimen146
\AM@fboxrule=\dimen147

(C:\Users\Aren Deza\AppData\Local\Programs\MiKTeX\tex/latex/pdfpages\pppdftex.d
ef
File: pppdftex.def 2022/10/09 v0.5w Pdfpages driver for pdfTeX (AM)
)
\pdfpages@includegraphics@status=\count197
\AM@pagebox=\box51
\AM@global@opts=\toks17
\AM@pagecnt=\count198
\AM@toc@title=\toks18
\c@AM@survey=\count199
\AM@templatesizebox=\box52
)
(C:\Users\Aren Deza\AppData\Local\Programs\MiKTeX\tex/latex/apacite\apacite.sty
Package: apacite 2013/07/21 v6.03 APA citation
\c@BibCnt=\count266
\bibleftmargin=\skip52
\bibindent=\skip53
\bibparsep=\skip54
\bibitemsep=\skip55
\biblabelsep=\skip56
)
(C:\Users\Aren Deza\AppData\Local\Programs\MiKTeX\tex/latex/amsmath\amsmath.sty
Package: amsmath 2022/04/08 v2.17n AMS math features
\@mathmargin=\skip57
For additional information on amsmath, use the `?' option.

(C:\Users\Aren Deza\AppData\Local\Programs\MiKTeX\tex/latex/amsmath\amstext.sty
Package: amstext 2021/08/26 v2.01 AMS text
(C:\Users\Aren Deza\AppData\Local\Programs\MiKTeX\tex/latex/amsmath\amsgen.sty
File: amsgen.sty 1999/11/30 v2.0 generic functions
\@emptytoks=\toks19
\ex@=\dimen148
))
(C:\Users\Aren Deza\AppData\Local\Programs\MiKTeX\tex/latex/amsmath\amsbsy.sty
Package: amsbsy 1999/11/29 v1.2d Bold Symbols
\pmbraise@=\dimen149
) (C:\Users\Aren Deza\AppData\Local\Programs\MiKTeX\tex/latex/amsmath\amsopn.st
y
Package: amsopn 2022/04/08 v2.04 operator names
)
\inf@bad=\count267
LaTeX Info: Redefining \frac on input line 234.
\uproot@=\count268
\leftroot@=\count269
LaTeX Info: Redefining \overline on input line 399.
LaTeX Info: Redefining \colon on input line 410.
\classnum@=\count270
\DOTSCASE@=\count271
LaTeX Info: Redefining \ldots on input line 496.
LaTeX Info: Redefining \dots on input line 499.
LaTeX Info: Redefining \cdots on input line 620.
\Mathstrutbox@=\box53
\strutbox@=\box54
LaTeX Info: Redefining \big on input line 722.
LaTeX Info: Redefining \Big on input line 723.
LaTeX Info: Redefining \bigg on input line 724.
LaTeX Info: Redefining \Bigg on input line 725.
\big@size=\dimen150
LaTeX Font Info:    Redeclaring font encoding OML on input line 743.
LaTeX Font Info:    Redeclaring font encoding OMS on input line 744.
\macc@depth=\count272
LaTeX Info: Redefining \bmod on input line 905.
LaTeX Info: Redefining \pmod on input line 910.
LaTeX Info: Redefining \smash on input line 940.
LaTeX Info: Redefining \relbar on input line 970.
LaTeX Info: Redefining \Relbar on input line 971.
\c@MaxMatrixCols=\count273
\dotsspace@=\muskip16
\c@parentequation=\count274
\dspbrk@lvl=\count275
\tag@help=\toks20
\row@=\count276
\column@=\count277
\maxfields@=\count278
\andhelp@=\toks21
\eqnshift@=\dimen151
\alignsep@=\dimen152
\tagshift@=\dimen153
\tagwidth@=\dimen154
\totwidth@=\dimen155
\lineht@=\dimen156
\@envbody=\toks22
\multlinegap=\skip58
\multlinetaggap=\skip59
\mathdisplay@stack=\toks23
LaTeX Info: Redefining \[ on input line 2953.
LaTeX Info: Redefining \] on input line 2954.
)
(C:\Users\Aren Deza\AppData\Local\Programs\MiKTeX\tex/latex/amsfonts\amsfonts.s
ty
Package: amsfonts 2013/01/14 v3.01 Basic AMSFonts support
\symAMSa=\mathgroup4
\symAMSb=\mathgroup5
LaTeX Font Info:    Redeclaring math symbol \hbar on input line 98.
LaTeX Font Info:    Overwriting math alphabet `\mathfrak' in version `bold'
(Font)                  U/euf/m/n --> U/euf/b/n on input line 106.
)
(C:\Users\Aren Deza\AppData\Local\Programs\MiKTeX\tex/latex/amsfonts\amssymb.st
y
Package: amssymb 2013/01/14 v3.01 AMS font symbols
)
(C:\Users\Aren Deza\AppData\Local\Programs\MiKTeX\tex/latex/tools\verbatim.sty
Package: verbatim 2020-07-07 v1.5u LaTeX2e package for verbatim enhancements
\every@verbatim=\toks24
\verbatim@line=\toks25
\verbatim@in@stream=\read2
) (C:\Users\Aren Deza\AppData\Local\Programs\MiKTeX\tex/latex/url\url.sty
\Urlmuskip=\muskip17
Package: url 2013/09/16  ver 3.4  Verb mode for urls, etc.
))
(C:\Users\Aren Deza\AppData\Local\Programs\MiKTeX\tex/latex/l3backend\l3backend
-pdftex.def
File: l3backend-pdftex.def 2022-07-01 L3 backend support: PDF output (pdfTeX)
\l__color_backend_stack_int=\count279
\l__pdf_internal_box=\box55
)

LaTeX Warning: Unused global option(s):
    [onepage].

(main.aux (title_page.aux) (abstract.aux) (chapter_1.aux) (chapter_2.aux)
(chapter_3.aux) (chapter_4.aux

LaTeX Warning: Label `fig:queuecomparison' multiply defined.

))
\openout1 = `main.aux'.

LaTeX Font Info:    Checking defaults for OML/cmm/m/it on input line 6.
LaTeX Font Info:    ... okay on input line 6.
LaTeX Font Info:    Checking defaults for OMS/cmsy/m/n on input line 6.
LaTeX Font Info:    ... okay on input line 6.
LaTeX Font Info:    Checking defaults for OT1/cmr/m/n on input line 6.
LaTeX Font Info:    ... okay on input line 6.
LaTeX Font Info:    Checking defaults for T1/cmr/m/n on input line 6.
LaTeX Font Info:    ... okay on input line 6.
LaTeX Font Info:    Checking defaults for TS1/cmr/m/n on input line 6.
LaTeX Font Info:    ... okay on input line 6.
LaTeX Font Info:    Checking defaults for OMX/cmex/m/n on input line 6.
LaTeX Font Info:    ... okay on input line 6.
LaTeX Font Info:    Checking defaults for U/cmr/m/n on input line 6.
LaTeX Font Info:    ... okay on input line 6.

(C:\Users\Aren Deza\AppData\Local\Programs\MiKTeX\tex/context/base/mkii\supp-pd
f.mkii
[Loading MPS to PDF converter (version 2006.09.02).]
\scratchcounter=\count280
\scratchdimen=\dimen157
\scratchbox=\box56
\nofMPsegments=\count281
\nofMParguments=\count282
\everyMPshowfont=\toks26
\MPscratchCnt=\count283
\MPscratchDim=\dimen158
\MPnumerator=\count284
\makeMPintoPDFobject=\count285
\everyMPtoPDFconversion=\toks27
)
(C:\Users\Aren Deza\AppData\Local\Programs\MiKTeX\tex/latex/epstopdf-pkg\epstop
df-base.sty
Package: epstopdf-base 2020-01-24 v2.11 Base part for package epstopdf
Package epstopdf-base Info: Redefining graphics rule for `.eps' on input line 4
85.

(C:\Users\Aren Deza\AppData\Local\Programs\MiKTeX\tex/latex/00miktex\epstopdf-s
ys.cfg
File: epstopdf-sys.cfg 2021/03/18 v2.0 Configuration of epstopdf for MiKTeX
))
(C:\Users\Aren Deza\AppData\Local\Programs\MiKTeX\tex/latex/pdflscape\pdflscape
.sty
Package: pdflscape 2019/12/05 v0.12 Display of landscape pages in PDF (HO)

(C:\Users\Aren Deza\AppData\Local\Programs\MiKTeX\tex/generic/iftex\iftex.sty
Package: iftex 2022/02/03 v1.0f TeX engine tests
)
(C:\Users\Aren Deza\AppData\Local\Programs\MiKTeX\tex/latex/graphics\lscape.sty
Package: lscape 2020/05/28 v3.02 Landscape Pages (DPC)
)
Package pdflscape Info: Auto-detected driver: pdftex on input line 81.
)
\c@maskedRefs=\count286

(C:\Users\Aren Deza\AppData\Local\Programs\MiKTeX\tex/latex/apacite\english.apc
File: english.apc 2013/07/21 v6.03 apacite language file
LaTeX Info: Redefining \BPBI on input line 129.
LaTeX Info: Redefining \BHBI on input line 130.
)
\openout2 = `title_page.aux'.

 (title_page.tex [1


{C:/Users/Aren Deza/AppData/Local/MiKTeX/fonts/map/pdftex/pdftex.map}])
\openout2 = `abstract.aux'.

 (abstract.tex
LaTeX Font Info:    Trying to load font information for U+msa on input line 9.

(C:\Users\Aren Deza\AppData\Local\Programs\MiKTeX\tex/latex/amsfonts\umsa.fd
File: umsa.fd 2013/01/14 v3.01 AMS symbols A
)
LaTeX Font Info:    Trying to load font information for U+msb on input line 9.

(C:\Users\Aren Deza\AppData\Local\Programs\MiKTeX\tex/latex/amsfonts\umsb.fd
File: umsb.fd 2013/01/14 v3.01 AMS symbols B
)
[1



]) (main.toc [2



])
\tf@toc=\write3
\openout3 = `main.toc'.

 [3] (main.lof)
\tf@lof=\write4
\openout4 = `main.lof'.

 [4

] (main.lot)
\tf@lot=\write5
\openout5 = `main.lot'.

 [5

]
\openout2 = `chapter_1.aux'.

 (chapter_1.tex
Chapter 1.
[1


] [2]
Overfull \hbox (1.48863pt too wide) in paragraph at lines 39--40
[]\OT1/cmr/m/n/12 One technology-based so-lu-tion is the im-ple-men-ta-tion of 
vir-tual queue-ing, which
 []

[3] [4]) [5]
\openout2 = `chapter_2.aux'.

 (chapter_2.tex
Chapter 2.
<figures//QueueComparison.png, id=40, 556.34264pt x 662.70227pt>
File: figures//QueueComparison.png Graphic file (type png)
<use figures//QueueComparison.png>
Package pdftex.def Info: figures//QueueComparison.png  used on input line 49.
(pdftex.def)             Requested size: 278.17064pt x 331.35031pt.

LaTeX Warning: `h' float specifier changed to `ht'.

[6




]
Overfull \hbox (17.48152pt too wide) in paragraph at lines 57--58
[]\OT1/cmr/m/n/12 The ben-e-fits of vir-tual queue-ing ap-ply to both cus-tomer
s and busi-nesses []Thamrin,
 []

[7 <./figures//QueueComparison.png>] [8]) [9]
\openout2 = `chapter_3.aux'.

 (chapter_3.tex
Chapter 3.
[10




]
Underfull \hbox (badness 1817) in paragraph at lines 63--64
[]\OT1/cmr/m/n/12 Development of the lo-gin
 []


Underfull \hbox (badness 1831) in paragraph at lines 67--68
[]\OT1/cmr/m/n/12 Testing in-di-vid-ual com-po-
 []

[11]) [12]
\openout2 = `chapter_4.aux'.

 (chapter_4.tex
Chapter 4.
<figures//login-signup.png, id=66, 469.755pt x 268.00125pt>
File: figures//login-signup.png Graphic file (type png)
<use figures//login-signup.png>
Package pdftex.def Info: figures//login-signup.png  used on input line 7.
(pdftex.def)             Requested size: 352.31538pt x 201.00043pt.
<figures//BusinessView.png, id=67, 469.755pt x 200.24812pt>
File: figures//BusinessView.png Graphic file (type png)
<use figures//BusinessView.png>
Package pdftex.def Info: figures//BusinessView.png  used on input line 14.
(pdftex.def)             Requested size: 352.31538pt x 150.18571pt.

LaTeX Warning: `h' float specifier changed to `ht'.

<figures//CustomerView1.png, id=68, 350.81062pt x 405.01312pt>
File: figures//CustomerView1.png Graphic file (type png)
<use figures//CustomerView1.png>
Package pdftex.def Info: figures//CustomerView1.png  used on input line 21.
(pdftex.def)             Requested size: 263.10732pt x 303.75908pt.

LaTeX Warning: `h' float specifier changed to `ht'.

<figures//CustomerView2.png, id=69, 469.755pt x 267.24844pt>
File: figures//CustomerView2.png Graphic file (type png)
<use figures//CustomerView2.png>
Package pdftex.def Info: figures//CustomerView2.png  used on input line 28.
(pdftex.def)             Requested size: 352.31538pt x 200.43584pt.

LaTeX Warning: `h' float specifier changed to `ht'.

<figures//CustomerView3.png, id=70, 224.33812pt x 398.23781pt>
File: figures//CustomerView3.png Graphic file (type png)
<use figures//CustomerView3.png>
Package pdftex.def Info: figures//CustomerView3.png  used on input line 35.
(pdftex.def)             Requested size: 168.25317pt x 298.67761pt.

LaTeX Warning: `h' float specifier changed to `ht'.

<figures//CustomerView4.png, id=71, 228.855pt x 398.99063pt>
File: figures//CustomerView4.png Graphic file (type png)
<use figures//CustomerView4.png>
Package pdftex.def Info: figures//CustomerView4.png  used on input line 42.
(pdftex.def)             Requested size: 171.64082pt x 299.24223pt.

LaTeX Warning: `h' float specifier changed to `ht'.

[13




 <./figures//login-signup.png>]) [14 <./figures//BusinessView.png>] [15 <./figu
res//CustomerView1.png> <./figures//CustomerView2.png>] [16 <./figures//Custome
rView3.png>] [17 <./figures//CustomerView4.png>] (main.bbl
Underfull \hbox (badness 1783) in paragraph at lines 112--125
[]\OT1/cmr/m/n/12 Brooke, C.  (2013).  Why busi-nesses are choos-ing to ditch t
he wait-
 []


Underfull \hbox (badness 4927) in paragraph at lines 112--125
\OT1/cmr/m/n/12 ing line.  Re-trieved from $\OT1/cmtt/m/n/12 https :// www [] .
business2community [] .com /
 []


Underfull \hbox (badness 10000) in paragraph at lines 112--125
\OT1/cmtt/m/n/12 customer [] -experience / why [] -businesses [] -are [] -choos
ing [] -to [] -ditch [] -the []
 []


Underfull \hbox (badness 2384) in paragraph at lines 139--155
[]\OT1/cmr/m/n/12 Chebat, J.-C., & Fil-i-a-trault, P.  (1993).  The im-pact of 
wait-ing in
 []


Underfull \hbox (badness 10000) in paragraph at lines 279--294
\OT1/cmr/m/n/12 from $\OT1/cmtt/m/n/12 https :// www [] .researchgate [] .net /
 profile / Donald [] -Norman [] -3 /
 []


Underfull \hbox (badness 10000) in paragraph at lines 279--294
\OT1/cmtt/m/n/12 publication / 200085847 [] []The [] []Psychology [] []of [] []
waiting [] []lines / links /
 []

[18



]
Underfull \hbox (badness 1931) in paragraph at lines 450--464
\OT1/cmr/m/n/12 trieved from $\OT1/cmtt/m/n/12 https :// www [] .nytimes [] .co
m / 2012 / 08 / 19 / opinion / sunday /
 []


Underfull \hbox (badness 1931) in paragraph at lines 500--513
\OT1/cmr/m/n/12 trieved from $\OT1/cmtt/m/n/12 https :// waitwhile [] .com / bl
og / consumer [] -survey [] -waiting []
 []

) [19] (main.aux (title_page.aux) (abstract.aux) (chapter_1.aux) (chapter_2.aux
) (chapter_3.aux) (chapter_4.aux))

LaTeX Warning: There were multiply-defined labels.

 ) 
Here is how much of TeX's memory you used:
 4947 strings out of 478338
 80258 string characters out of 2834776
 385912 words of memory out of 3000000
 23254 multiletter control sequences out of 15000+600000
 477518 words of font info for 59 fonts, out of 8000000 for 9000
 1143 hyphenation exceptions out of 8191
 77i,10n,81p,1061b,363s stack positions out of 10000i,1000n,20000p,200000b,80000s
 <C:\Users\Aren Deza\AppData\Local\MiKTeX\fonts/pk/ljfour/jknappen/ec/dpi600\
tcrm1200.pk><C:/Users/Aren Deza/AppData/Local/Programs/MiKTeX/fonts/type1/publi
c/amsfonts/cm/cmbx12.pfb><C:/Users/Aren Deza/AppData/Local/Programs/MiKTeX/font
s/type1/public/amsfonts/cm/cmcsc10.pfb><C:/Users/Aren Deza/AppData/Local/Progra
ms/MiKTeX/fonts/type1/public/amsfonts/cm/cmr12.pfb><C:/Users/Aren Deza/AppData/
Local/Programs/MiKTeX/fonts/type1/public/amsfonts/cm/cmti12.pfb><C:/Users/Aren 
Deza/AppData/Local/Programs/MiKTeX/fonts/type1/public/amsfonts/cm/cmtt12.pfb>
Output written on main.pdf (25 pages, 601916 bytes).
PDF statistics:
 128 PDF objects out of 1000 (max. 8388607)
 0 named destinations out of 1000 (max. 500000)
 36 words of extra memory for PDF output out of 10000 (max. 10000000)

